<?xml version="1.0" encoding="UTF-8"?>
<!-- Generated by org.testng.reporters.JUnitReportReporter -->
<testsuite skipped="0" hostname="PL-L-7005127" name="LoginTests" tests="3" failures="0" timestamp="20 cze 2018 16:26:20 GMT" time="25.755" errors="0">
  <testcase name="shouldNotLogInWithWrongPassword" time="7.609" classname="LoginTests"/>
  <testcase name="shouldNotLogInWithoutLogin" time="7.247" classname="LoginTests"/>
  <testcase name="shouldLogIn" time="10.899" classname="LoginTests"/>
</testsuite> <!-- LoginTests -->
