<?xml version="1.0" encoding="UTF-8"?>
<!-- Generated by org.testng.reporters.JUnitReportReporter -->
<testsuite skipped="0" hostname="PL-L-7005127" name="ServerTests" tests="1" failures="0" timestamp="20 cze 2018 16:26:20 GMT" time="12.105" errors="0">
  <testcase name="shouldLoginToProperServer" time="12.105" classname="ServerTests"/>
</testsuite> <!-- ServerTests -->
